2019-07-15 20:29:53.081 +0430 [4717] LOG:  listening on IPv6 address "::1", port 5432
2019-07-15 20:29:53.082 +0430 [4717] LOG:  listening on IPv6 address "fe80::1%lo0", port 5432
2019-07-15 20:29:53.082 +0430 [4717] LOG:  listening on IPv4 address "127.0.0.1", port 5432
2019-07-15 20:29:53.083 +0430 [4717] LOG:  listening on Unix socket "/tmp/.s.PGSQL.5432"
2019-07-15 20:29:53.099 +0430 [4718] LOG:  database system was shut down at 2019-07-15 20:29:52 +0430
2019-07-15 20:29:53.104 +0430 [4717] LOG:  database system is ready to accept connections
2019-07-16 07:45:52.565 +0430 [6822] ERROR:  relation "person" does not exist at character 13
2019-07-16 07:45:52.565 +0430 [6822] STATEMENT:  insert into person values (default ,$1,$2,$3,$4, $5,$6,$7)
2019-07-16 07:56:59.983 +0430 [6864] ERROR:  no schema has been selected to create in at character 28
2019-07-16 07:56:59.983 +0430 [6864] STATEMENT:  CREATE TABLE IF NOT EXISTS person(firstName VARCHAR(20),lastName VARCHAR(20),email VARCHAR(50),username VARCHAR(20),password VARCHAR(20),image VARCHAR(100),lastSeen DATE)
2019-07-16 07:57:33.144 +0430 [6869] ERROR:  INSERT has more expressions than target columns at character 56
2019-07-16 07:57:33.144 +0430 [6869] STATEMENT:  insert into person values (default ,$1,$2,$3,$4, $5,$6,$7)
2019-07-16 07:59:01.520 +0430 [6883] ERROR:  syntax error at or near "VARCHAR" at character 44
2019-07-16 07:59:01.520 +0430 [6883] STATEMENT:  CREATE TABLE IF NOT EXISTS personfirstName VARCHAR(20),lastName VARCHAR(20),email VARCHAR(50),username VARCHAR(20),password VARCHAR(20),image VARCHAR(100),lastSeen DATE
2019-07-16 07:59:25.777 +0430 [6887] ERROR:  INSERT has more expressions than target columns at character 56
2019-07-16 07:59:25.777 +0430 [6887] STATEMENT:  insert into person values (default ,$1,$2,$3,$4, $5,$6,$7)
2019-07-16 08:02:03.351 +0430 [6902] ERROR:  INSERT has more expressions than target columns at character 56
2019-07-16 08:02:03.351 +0430 [6902] STATEMENT:  insert into person values (default ,$1,$2,$3,$4, $5,$6,$7)
2019-07-16 08:04:16.410 +0430 [6910] ERROR:  INSERT has more expressions than target columns at character 56
2019-07-16 08:04:16.410 +0430 [6910] STATEMENT:  insert into person values (default ,$1,$2,$3,$4, $5,$6,$7)
2019-07-16 08:05:48.148 +0430 [6918] ERROR:  INSERT has more expressions than target columns at character 56
2019-07-16 08:05:48.148 +0430 [6918] STATEMENT:  insert into person values (default ,$1,$2,$3,$4, $5,$6,$7)
2019-07-16 08:05:58.789 +0430 [6922] ERROR:  syntax error at or near ")" at character 174
2019-07-16 08:05:58.789 +0430 [6922] STATEMENT:  CREATE TABLE IF NOT EXISTS person( firstName VARCHAR (20),lastName VARCHAR(20),email VARCHAR(50),username VARCHAR(20),password VARCHAR(20),image VARCHAR(100),lastSeen DATE, )
2019-07-16 08:06:10.785 +0430 [6925] ERROR:  syntax error at or near ")" at character 174
2019-07-16 08:06:10.785 +0430 [6925] STATEMENT:  CREATE TABLE IF NOT EXISTS person( firstName VARCHAR (20),lastName VARCHAR(20),email VARCHAR(50),username VARCHAR(20),password VARCHAR(20),image VARCHAR(100),lastSeen DATE, )
2019-07-16 08:06:27.891 +0430 [6929] ERROR:  syntax error at or near ")" at character 175
2019-07-16 08:06:27.891 +0430 [6929] STATEMENT:  CREATE TABLE IF NOT EXISTS person( firstName VARCHAR (20),lastName VARCHAR(20),email VARCHAR(50),username VARCHAR(20),password VARCHAR(20),image VARCHAR(100),lastSeen DATE , )
2019-07-16 08:07:03.872 +0430 [6934] ERROR:  syntax error at or near ")" at character 182
2019-07-16 08:07:03.872 +0430 [6934] STATEMENT:  CREATE TABLE IF NOT EXISTS person( firstName VARCHAR (20),lastName VARCHAR(20),email VARCHAR(50),username VARCHAR(20),password VARCHAR(20),image VARCHAR(100),lastSeen VARCHAR(100), )
2019-07-16 08:07:20.376 +0430 [6938] ERROR:  syntax error at or near ")" at character 174
2019-07-16 08:07:20.376 +0430 [6938] STATEMENT:  CREATE TABLE IF NOT EXISTS person( firstName VARCHAR (20),lastName VARCHAR(20),email VARCHAR(50),username VARCHAR(20),password VARCHAR(20),image VARCHAR(100),lastSeen DATE, )
2019-07-16 08:08:23.300 +0430 [6944] ERROR:  INSERT has more expressions than target columns at character 56
2019-07-16 08:08:23.300 +0430 [6944] STATEMENT:  insert into person values (default ,$1,$2,$3,$4, $5,$6,$7)
2019-07-16 08:08:35.090 +0430 [6947] ERROR:  syntax error at or near ")" at character 174
2019-07-16 08:08:35.090 +0430 [6947] STATEMENT:  CREATE TABLE IF NOT EXISTS person( firstName VARCHAR (20),lastName VARCHAR(20),email VARCHAR(50),username VARCHAR(20),password VARCHAR(20),image VARCHAR(100),lastSeen DATE, )
2019-07-17 10:41:38.715 +0430 [938] LOG:  listening on IPv6 address "::1", port 5432
2019-07-17 10:41:38.715 +0430 [938] LOG:  listening on IPv6 address "fe80::1%lo0", port 5432
2019-07-17 10:41:38.715 +0430 [938] LOG:  listening on IPv4 address "127.0.0.1", port 5432
2019-07-17 10:41:38.716 +0430 [938] LOG:  listening on Unix socket "/tmp/.s.PGSQL.5432"
2019-07-17 10:41:38.731 +0430 [939] LOG:  database system was interrupted; last known up at 2019-07-16 08:01:53 +0430
2019-07-17 10:41:38.782 +0430 [939] LOG:  database system was not properly shut down; automatic recovery in progress
2019-07-17 10:41:38.787 +0430 [939] LOG:  redo starts at 0/16720D8
2019-07-17 10:41:38.787 +0430 [939] LOG:  invalid record length at 0/16721B8: wanted 24, got 0
2019-07-17 10:41:38.787 +0430 [939] LOG:  redo done at 0/1672180
2019-07-17 10:41:38.798 +0430 [938] LOG:  database system is ready to accept connections
2019-07-17 18:04:19.444 +0430 [685] LOG:  listening on IPv6 address "::1", port 5432
2019-07-17 18:04:19.444 +0430 [685] LOG:  listening on IPv6 address "fe80::1%lo0", port 5432
2019-07-17 18:04:19.444 +0430 [685] LOG:  listening on IPv4 address "127.0.0.1", port 5432
2019-07-17 18:04:19.445 +0430 [685] LOG:  listening on Unix socket "/tmp/.s.PGSQL.5432"
2019-07-17 18:04:19.460 +0430 [686] LOG:  database system was interrupted; last known up at 2019-07-17 12:11:38 +0430
2019-07-17 18:04:19.553 +0430 [686] LOG:  database system was not properly shut down; automatic recovery in progress
2019-07-17 18:04:19.557 +0430 [686] LOG:  redo starts at 0/1673908
2019-07-17 18:04:19.557 +0430 [686] LOG:  invalid record length at 0/16739E8: wanted 24, got 0
2019-07-17 18:04:19.557 +0430 [686] LOG:  redo done at 0/16739B0
2019-07-17 18:04:19.568 +0430 [685] LOG:  database system is ready to accept connections
2019-07-17 21:16:07.814 +0430 [1683] ERROR:  syntax error at or near "from" at character 37
2019-07-17 21:16:07.814 +0430 [1683] STATEMENT:  CREATE TABLE IF NOT EXISTS message( from VARCHAR (20),to VARCHAR(20),content VARCHAR(500),isFile BIT,password VARCHAR(20),time DATE)
2019-07-17 21:17:36.525 +0430 [1696] ERROR:  syntax error at or near "toUser" at character 45
2019-07-17 21:17:36.525 +0430 [1696] STATEMENT:  select * from person where ((toUser=nulland toUser=ahmad12) or (toUser=ahmad12and toUser=null))
2019-07-17 21:18:34.490 +0430 [1715] ERROR:  column "touser" does not exist at character 30
2019-07-17 21:18:34.490 +0430 [1715] STATEMENT:  select * from person where ((toUser=null and toUser=ahmad12) or (toUser=ahmad12 and toUser=null))
2019-07-17 21:19:37.364 +0430 [1736] ERROR:  column "touser" does not exist at character 30
2019-07-17 21:19:37.364 +0430 [1736] STATEMENT:  select * from person where ((toUser=null and toUser=ahmad12) or (toUser=ahmad12 and toUser=null))
2019-07-17 21:20:17.501 +0430 [1753] ERROR:  column "ahmad12" does not exist at character 54
2019-07-17 21:20:17.501 +0430 [1753] STATEMENT:  select * from message where ((toUser=null and toUser=ahmad12) or (toUser=ahmad12 and toUser=null))
2019-07-17 21:36:53.806 +0430 [1869] ERROR:  column "isfile" is of type bit but expression is of type boolean at character 38
2019-07-17 21:36:53.806 +0430 [1869] HINT:  You will need to rewrite or cast the expression.
2019-07-17 21:36:53.806 +0430 [1869] STATEMENT:  insert into message values ($1,$2,$3,$4,$5)
2019-07-17 21:38:16.234 +0430 [1898] ERROR:  column "isfile" is of type bit but expression is of type boolean at character 38
2019-07-17 21:38:16.234 +0430 [1898] HINT:  You will need to rewrite or cast the expression.
2019-07-17 21:38:16.234 +0430 [1898] STATEMENT:  insert into message values ($1,$2,$3,$4,$5)
2019-07-17 21:38:30.709 +0430 [1898] ERROR:  column "isfile" is of type bit but expression is of type boolean at character 38
2019-07-17 21:38:30.709 +0430 [1898] HINT:  You will need to rewrite or cast the expression.
2019-07-17 21:38:30.709 +0430 [1898] STATEMENT:  insert into message values ($1,$2,$3,$4,$5)
2019-07-17 22:04:10.708 +0430 [2138] ERROR:  column "tofrom" does not exist at character 53
2019-07-17 22:04:10.708 +0430 [2138] STATEMENT:  select * from message where ((toUser= 'zahra99' and toFrom='ahmad12') or (toUser='ahmad12' and toFrom='zahra99'))
